//-------------------------- 6/26/2014 -- 02:02:05 -----
E:/The Game/Root/modules/StartingArea/1/main.cs Line: 21 - parse error
>>> Advanced script error report.  Line 21.
>>> Some error context, with ## on sides of error halt:
^//exec("./scripts/PlatformerCameraBehavior.cs");
^exec("./scripts/shooterControls.cs");
^createSceneWindow();
^createScene();
^
^mySceneWindow.setScene(myScene);
^%hero = %this.spawnPlayer();
^^
^
   mySceneWindow.mount(%hero, "0 15", %force, true);
^

     Set the gravity.
## ##   myScene.setGravity(0, 30);
^
    /*StartingArea.topLeft = 35;
    StartingArea.topRight = -110;
    StartingArea.bottomLeft = -50;
    StartingArea.bottomRight = 140;*/
    // Limit the camera to the four sections of the desert
  // mySceneWindow.setViewLimitOn( StartingArea.topLeft, StartingArea.topRight, StartingArea.bottomLeft, StartingArea.bottomRight );
>>> Error report complete.

